Using pre-set license
Built from '2020.2/release' branch; Version is '2020.2.1f1 (270dd8c3da1c) revision 2559448'; Using compiler version '192528614'; Build Type 'Release'
OS: 'Windows 10  (10.0.0) 64bit' Language: 'en' Physical Memory: 16250 MB
BatchMode: 1, IsHumanControllingUs: 0, StartBugReporterOnCrash: 0, Is64bit: 1, IsPro: 0

 COMMAND LINE ARGUMENTS:
C:\Program Files\Unity\Hub\Editor\2020.2.1f1\Editor\Unity.exe
-adb2
-batchMode
-noUpm
-name
AssetImportWorker0
-projectPath
C:/Users/sudip/OneDrive/Documents/unity/unity project/1Moble_Game_I_think/moble game
-logFile
Logs/AssetImportWorker0.log
-srvPort
4482
Successfully changed project path to: C:/Users/sudip/OneDrive/Documents/unity/unity project/1Moble_Game_I_think/moble game
C:/Users/sudip/OneDrive/Documents/unity/unity project/1Moble_Game_I_think/moble game
Using Asset Import Pipeline V2.
Refreshing native plugins compatible for Editor in 67.80 ms, found 0 plugins.
Preloading 0 native plugins for Editor in 0.00 ms.
Initialize engine version: 2020.2.1f1 (270dd8c3da1c)
[Subsystems] Discovering subsystems at path C:/Program Files/Unity/Hub/Editor/2020.2.1f1/Editor/Data/Resources/UnitySubsystems
[Subsystems] Discovering subsystems at path C:/Users/sudip/OneDrive/Documents/unity/unity project/1Moble_Game_I_think/moble game/Assets
GfxDevice: creating device client; threaded=0
Direct3D:
    Version:  Direct3D 11.0 [level 11.0]
    Renderer: NVIDIA GeForce 940MX (ID=0x134d)
    Vendor:   
    VRAM:     2010 MB
    Driver:   27.21.14.5709
Initialize mono
Mono path[0] = 'C:/Program Files/Unity/Hub/Editor/2020.2.1f1/Editor/Data/Managed'
Mono path[1] = 'C:/Program Files/Unity/Hub/Editor/2020.2.1f1/Editor/Data/MonoBleedingEdge/lib/mono/unityjit'
Mono config path = 'C:/Program Files/Unity/Hub/Editor/2020.2.1f1/Editor/Data/MonoBleedingEdge/etc'
Using monoOptions --debugger-agent=transport=dt_socket,embedding=1,server=y,suspend=n,address=127.0.0.1:56876
Begin MonoManager ReloadAssembly
Registering precompiled unity dll's ...
Register platform support module: C:/Program Files/Unity/Hub/Editor/2020.2.1f1/Editor/Data/PlaybackEngines/MacStandaloneSupport/UnityEditor.OSXStandalone.Extensions.dll
Register platform support module: C:/Program Files/Unity/Hub/Editor/2020.2.1f1/Editor/Data/PlaybackEngines/WindowsStandaloneSupport/UnityEditor.WindowsStandalone.Extensions.dll
Registered in 0.004747 seconds.
Native extension for WindowsStandalone target not found
Native extension for OSXStandalone target not found
Refreshing native plugins compatible for Editor in 116.79 ms, found 0 plugins.
Preloading 0 native plugins for Editor in 0.00 ms.
Invoked RoslynAnalysisRunner static constructor.
RoslynAnalysisRunner will not be running.
RoslynAnalysisRunner has terminated.
Mono: successfully reloaded assembly
- Completed reload, in  4.371 seconds
Platform modules already initialized, skipping
Registering precompiled user dll's ...
Registered in 0.019429 seconds.
Begin MonoManager ReloadAssembly
Native extension for WindowsStandalone target not found
Native extension for OSXStandalone target not found
Refreshing native plugins compatible for Editor in 105.10 ms, found 0 plugins.
Preloading 0 native plugins for Editor in 0.00 ms.
Invoked RoslynAnalysisRunner static constructor.
RoslynAnalysisRunner will not be running.
RoslynAnalysisRunner has terminated.
Mono: successfully reloaded assembly
- Completed reload, in  2.674 seconds
Platform modules already initialized, skipping
========================================================================
Worker process is ready to serve import requests
Launched and connected shader compiler UnityShaderCompiler.exe after 0.10 seconds
Refreshing native plugins compatible for Editor in 2.12 ms, found 0 plugins.
Preloading 0 native plugins for Editor in 0.00 ms.
Unloading 1781 Unused Serialized files (Serialized files now loaded: 0)
System memory in use before: 86.8 MB.
System memory in use after: 86.9 MB.

Unloading 73 unused Assets to reduce memory usage. Loaded Objects now: 2217.
Total: 6.588000 ms (FindLiveObjects: 0.427100 ms CreateObjectMapping: 0.196400 ms MarkObjects: 5.521000 ms  DeleteObjects: 0.437500 ms)

========================================================================
Received Import Request.
  path: Assets/items/MODLS/CARROT SEED.stl
  artifactKey: Guid(2a1bacbda8707a74b9db800ab9e9d764) Importer(815301076,1909f56bfc062723c751e8b465ee728b)
Start importing Assets/items/MODLS/CARROT SEED.stl using Guid(2a1bacbda8707a74b9db800ab9e9d764) Importer(815301076,1909f56bfc062723c751e8b465ee728b)  -> (artifact id: 'c0ba068c375efccfbb2ee018f2535e7e') in 0.134945 seconds
  Import took 0.143421 seconds .

========================================================================
Received Import Request.
  Time since last request: 84.776442 seconds.
  path: Assets/items/MODLS/CARROT SEED.ply
  artifactKey: Guid(8ff6a2e760de5ca489a3078115d83194) Importer(815301076,1909f56bfc062723c751e8b465ee728b)
Start importing Assets/items/MODLS/CARROT SEED.ply using Guid(8ff6a2e760de5ca489a3078115d83194) Importer(815301076,1909f56bfc062723c751e8b465ee728b)  -> (artifact id: '8b3e249a4709388ce0e869113a728d8c') in 0.025201 seconds
  Import took 0.036093 seconds .

========================================================================
Received Import Request.
  Time since last request: 67.984803 seconds.
  path: Assets/items/MODLS/CARROT SEED.dae
  artifactKey: Guid(1f32091718f3ed64aa24213f352531bb) Importer(815301076,1909f56bfc062723c751e8b465ee728b)
Start importing Assets/items/MODLS/CARROT SEED.dae using Guid(1f32091718f3ed64aa24213f352531bb) Importer(815301076,1909f56bfc062723c751e8b465ee728b)  -> (artifact id: 'efe0bfb549e355bc92d6bb66558da0f6') in 0.237021 seconds
  Import took 0.243985 seconds .

========================================================================
Received Import Request.
  Time since last request: 1666.686471 seconds.
  path: Assets/items/MODLS/CARROT SEED.obj
  artifactKey: Guid(315c7d5218db4a54d84533abcc80f094) Importer(815301076,1909f56bfc062723c751e8b465ee728b)
Start importing Assets/items/MODLS/CARROT SEED.obj using Guid(315c7d5218db4a54d84533abcc80f094) Importer(815301076,1909f56bfc062723c751e8b465ee728b)  -> (artifact id: 'a82bc765ba96b0362a1c954043cb6d38') in 0.097460 seconds
  Import took 0.106741 seconds .

========================================================================
Received Import Request.
  Time since last request: 11.346350 seconds.
  path: Assets/Grapics/New Material 3.mat
  artifactKey: Guid(111bc69399f241544810fa0bc5d4a860) Importer(815301076,1909f56bfc062723c751e8b465ee728b)
Start importing Assets/Grapics/New Material 3.mat using Guid(111bc69399f241544810fa0bc5d4a860) Importer(815301076,1909f56bfc062723c751e8b465ee728b)  -> (artifact id: 'd019e0b9930d1f14219f318a3fffc5e6') in 0.076222 seconds
  Import took 0.085325 seconds .

========================================================================
Received Import Request.
  Time since last request: 12.610697 seconds.
  path: Packages/com.unity.probuilder/Content/Resources/Materials/ProBuilderDefault.mat
  artifactKey: Guid(c22777d6e868e4f2fb421913386b154e) Importer(815301076,1909f56bfc062723c751e8b465ee728b)
Start importing Packages/com.unity.probuilder/Content/Resources/Materials/ProBuilderDefault.mat using Guid(c22777d6e868e4f2fb421913386b154e) Importer(815301076,1909f56bfc062723c751e8b465ee728b)  -> (artifact id: 'e0cf1569745c9c04f8a6872bffc81ca3') in 0.036327 seconds
  Import took 0.041633 seconds .

========================================================================
Received Import Request.
  Time since last request: 0.021420 seconds.
  path: Packages/com.unity.probuilder/Content/Resources/Materials/ProBuilderDefault.mat
  artifactKey: Guid(c22777d6e868e4f2fb421913386b154e) Importer(815301076,1909f56bfc062723c751e8b465ee728b)
Start importing Packages/com.unity.probuilder/Content/Resources/Materials/ProBuilderDefault.mat using Guid(c22777d6e868e4f2fb421913386b154e) Importer(815301076,1909f56bfc062723c751e8b465ee728b)  -> (artifact id: 'e0cf1569745c9c04f8a6872bffc81ca3') in 0.027587 seconds
  Import took 0.033317 seconds .

========================================================================
Received Import Request.
  Time since last request: 430.166404 seconds.
  path: Assets/items/MODLS/carrot.obj
  artifactKey: Guid(c2b9073f17bb8c04f84648e4c5292ed2) Importer(815301076,1909f56bfc062723c751e8b465ee728b)
Start importing Assets/items/MODLS/carrot.obj using Guid(c2b9073f17bb8c04f84648e4c5292ed2) Importer(815301076,1909f56bfc062723c751e8b465ee728b)  -> (artifact id: 'f8e922643c7fce5e6353259f312c6c3b') in 0.109901 seconds
  Import took 0.116474 seconds .

========================================================================
Received Import Request.
  Time since last request: 24.770178 seconds.
  path: Assets/items/MODLS/stages
  artifactKey: Guid(58164619ce2ccaf4ca2e3b90cc3c3d01) Importer(815301076,1909f56bfc062723c751e8b465ee728b)
Start importing Assets/items/MODLS/stages using Guid(58164619ce2ccaf4ca2e3b90cc3c3d01) Importer(815301076,1909f56bfc062723c751e8b465ee728b)  -> (artifact id: 'a7f06e49d87a794c9114893a6b27e7ca') in 0.017917 seconds
  Import took 0.023453 seconds .

========================================================================
Received Import Request.
  Time since last request: 13.909274 seconds.
  path: Assets/items/MODLS/stages/bud.obj
  artifactKey: Guid(efe6774b5718a454fa134b5e4f1b0924) Importer(815301076,1909f56bfc062723c751e8b465ee728b)
Start importing Assets/items/MODLS/stages/bud.obj using Guid(efe6774b5718a454fa134b5e4f1b0924) Importer(815301076,1909f56bfc062723c751e8b465ee728b)  -> (artifact id: '233f284db1a2291f40876dc18b7fb058') in 0.054211 seconds
  Import took 0.060889 seconds .

========================================================================
Received Import Request.
  Time since last request: 0.000452 seconds.
  path: Assets/items/MODLS/stages/steam.obj
  artifactKey: Guid(669edf4d8ed98f44b8609361245a08de) Importer(815301076,1909f56bfc062723c751e8b465ee728b)
Start importing Assets/items/MODLS/stages/steam.obj using Guid(669edf4d8ed98f44b8609361245a08de) Importer(815301076,1909f56bfc062723c751e8b465ee728b)  -> (artifact id: 'eed4c97590d0db87bf2ee8fd4953cf39') in 0.100064 seconds
  Import took 0.106011 seconds .

========================================================================
Received Import Request.
  Time since last request: 0.000511 seconds.
  path: Assets/items/MODLS/stages/mud.obj
  artifactKey: Guid(f7fa5ff7d30ca694ba14690c5ac35fd0) Importer(815301076,1909f56bfc062723c751e8b465ee728b)
Start importing Assets/items/MODLS/stages/mud.obj using Guid(f7fa5ff7d30ca694ba14690c5ac35fd0) Importer(815301076,1909f56bfc062723c751e8b465ee728b)  -> (artifact id: 'f1ff2b124112553767e4e764315ab00b') in 0.091173 seconds
  Import took 0.097379 seconds .

========================================================================
Received Import Request.
  Time since last request: 599.387993 seconds.
  path: Assets/items/MODLS/carrot.obj
  artifactKey: Guid(c2b9073f17bb8c04f84648e4c5292ed2) Importer(815301076,1909f56bfc062723c751e8b465ee728b)
Start importing Assets/items/MODLS/carrot.obj using Guid(c2b9073f17bb8c04f84648e4c5292ed2) Importer(815301076,1909f56bfc062723c751e8b465ee728b)  -> (artifact id: '0964b1b8c198008aed5f017d1f59170f') in 0.061289 seconds
  Import took 0.069268 seconds .

========================================================================
Received Import Request.
  Time since last request: 0.005567 seconds.
  path: Assets/items/MODLS/carrot.obj
  artifactKey: Guid(c2b9073f17bb8c04f84648e4c5292ed2) Importer(815301076,1909f56bfc062723c751e8b465ee728b)
Start importing Assets/items/MODLS/carrot.obj using Guid(c2b9073f17bb8c04f84648e4c5292ed2) Importer(815301076,1909f56bfc062723c751e8b465ee728b)  -> (artifact id: '0964b1b8c198008aed5f017d1f59170f') in 0.047665 seconds
  Import took 0.054481 seconds .

========================================================================
Received Import Request.
  Time since last request: 5537.953415 seconds.
  path: Assets/items/MODLS/corrot.obj
  artifactKey: Guid(1ee966e5ccd37e2478855f5d361a2fcc) Importer(815301076,1909f56bfc062723c751e8b465ee728b)
Start importing Assets/items/MODLS/corrot.obj using Guid(1ee966e5ccd37e2478855f5d361a2fcc) Importer(815301076,1909f56bfc062723c751e8b465ee728b)  -> (artifact id: '1a98783930fd47d461b06e5d1194a2cf') in 0.076885 seconds
  Import took 0.083452 seconds .

========================================================================
Received Import Request.
  Time since last request: 134.702696 seconds.
  path: Assets/Grapics/Corrot.mat
  artifactKey: Guid(bf89dc26b4495a74fb13f9bd0bc4a0b2) Importer(815301076,1909f56bfc062723c751e8b465ee728b)
Start importing Assets/Grapics/Corrot.mat using Guid(bf89dc26b4495a74fb13f9bd0bc4a0b2) Importer(815301076,1909f56bfc062723c751e8b465ee728b)  -> (artifact id: 'c1a3ebf5487d6a15e7f79a32526574c9') in 0.054129 seconds
  Import took 0.063247 seconds .

========================================================================
Received Prepare
Registering precompiled user dll's ...
Registered in 0.001671 seconds.
Begin MonoManager ReloadAssembly
Native extension for WindowsStandalone target not found
Native extension for OSXStandalone target not found
Refreshing native plugins compatible for Editor in 0.52 ms, found 0 plugins.
Preloading 0 native plugins for Editor in 0.00 ms.
Warning: Annotation not found!
UnityEngine.StackTraceUtility:ExtractStackTrace ()
UnityEditor.ProBuilder.EditorUtility:SetGizmoIconEnabled (System.Type,bool) (at Library/PackageCache/com.unity.probuilder@4.4.0/Editor/EditorCore/EditorUtility.cs:593)
UnityEditor.ProBuilder.HierarchyListener:.cctor () (at Library/PackageCache/com.unity.probuilder@4.4.0/Editor/EditorCore/HierarchyListener.cs:21)
System.Runtime.CompilerServices.RuntimeHelpers:RunClassConstructor (System.RuntimeTypeHandle)
UnityEditor.EditorAssemblies:ProcessInitializeOnLoadAttributes (System.Type[])

[Library/PackageCache/com.unity.probuilder@4.4.0/Editor/EditorCore/EditorUtility.cs line 593]

Invoked RoslynAnalysisRunner static constructor.
RoslynAnalysisRunner will not be running.
RoslynAnalysisRunner has terminated.
Mono: successfully reloaded assembly
- Completed reload, in  2.013 seconds
Platform modules already initialized, skipping
Refreshing native plugins compatible for Editor in 0.50 ms, found 0 plugins.
Preloading 0 native plugins for Editor in 0.00 ms.
Unloading 1732 Unused Serialized files (Serialized files now loaded: 0)
System memory in use before: 87.3 MB.
System memory in use after: 87.3 MB.

Unloading 6 unused Assets to reduce memory usage. Loaded Objects now: 2262.
Total: 4.136000 ms (FindLiveObjects: 0.369900 ms CreateObjectMapping: 0.142500 ms MarkObjects: 3.458500 ms  DeleteObjects: 0.162800 ms)

========================================================================
Received Import Request.
  Time since last request: 798.168578 seconds.
  path: Assets/Sriptes/Seed.cs
  artifactKey: Guid(e78e58aa2850bf2448a781e475ea81b1) Importer(815301076,1909f56bfc062723c751e8b465ee728b)
Start importing Assets/Sriptes/Seed.cs using Guid(e78e58aa2850bf2448a781e475ea81b1) Importer(815301076,1909f56bfc062723c751e8b465ee728b)  -> (artifact id: '932915c81a759afac3b139807a2cebaf') in 0.024552 seconds
  Import took 0.030237 seconds .

AssetImportWorkerClient::OnTransportError - code=2 error=End of file
